<?xml version="1.0" encoding="UTF-8"?>
<!-- Generated by org.testng.reporters.JUnitReportReporter -->
<testsuite skipped="0" hostname="dell-PC" name="WeightWatchePageTest.WeightWatcherCompleteTest" tests="1" failures="0" timestamp="18 Oct 2019 04:52:10 GMT" time="36.691" errors="0">
  <testcase name="completeTest" time="36.691" classname="WeightWatchePageTest.WeightWatcherCompleteTest"/>
</testsuite> <!-- WeightWatchePageTest.WeightWatcherCompleteTest -->
