<?xml version="1.0" encoding="UTF-8"?>
<!-- Generated by org.testng.reporters.JUnitReportReporter -->
<testsuite skipped="0" hostname="dell-PC" name="WeightWatchePageTest.WeightWatcherHomepageTest" tests="1" failures="0" timestamp="18 Oct 2019 04:52:09 GMT" time="18.568" errors="0">
  <testcase name="verifyHomepageTitle" time="18.568" classname="WeightWatchePageTest.WeightWatcherHomepageTest"/>
</testsuite> <!-- WeightWatchePageTest.WeightWatcherHomepageTest -->
