<?xml version="1.0" encoding="UTF-8"?>
<!-- Generated by org.testng.reporters.JUnitReportReporter -->
<testsuite skipped="0" hostname="dell-PC" name="WeightWatchePageTest.WeightWatcherSingleResultpageTest" tests="2" failures="0" timestamp="18 Oct 2019 04:52:09 GMT" time="54.977" errors="0">
  <testcase name="match_titlename_with_selected_result" time="27.067" classname="WeightWatchePageTest.WeightWatcherSingleResultpageTest"/>
  <testcase name="Today_hours_of_operation" time="27.910" classname="WeightWatchePageTest.WeightWatcherSingleResultpageTest"/>
</testsuite> <!-- WeightWatchePageTest.WeightWatcherSingleResultpageTest -->
