<?xml version="1.0" encoding="UTF-8"?>
<!-- Generated by org.testng.reporters.JUnitReportReporter -->
<testsuite skipped="0" hostname="dell-PC" name="WeightWatchePageTest.WeightWatcherSearchResultTest" tests="1" failures="0" timestamp="18 Oct 2019 04:52:09 GMT" time="36.513" errors="0">
  <testcase name="print_First_result_title_and_distance" time="36.513" classname="WeightWatchePageTest.WeightWatcherSearchResultTest"/>
</testsuite> <!-- WeightWatchePageTest.WeightWatcherSearchResultTest -->
